1748271313.408926 client started (16295): version 3.4, socket /tmp/tmux-1000/default, protocol 8
1748271313.408983 on Linux 6.11.0-26-generic #26~24.04.1-Ubuntu SMP PREEMPT_DYNAMIC Thu Apr 17 19:20:47 UTC 2
1748271313.408991 using libevent 2.1.12-stable poll
1748271313.408996 using ncurses 6.4 20240113
1748271313.409029 flags are 0x18010000
1748271313.409052 socket is /tmp/tmux-1000/default
1748271313.409075 trying connect
1748271313.409263 add peer 0x64e38e3c1740: 6 ((nil))
1748271313.409972 sending message 100 to peer 0x64e38e3c1740 (4 bytes)
1748271313.409988 sending message 111 to peer 0x64e38e3c1740 (8 bytes)
1748271313.409996 sending message 101 to peer 0x64e38e3c1740 (14 bytes)
1748271313.410002 sending message 109 to peer 0x64e38e3c1740 (4 bytes)
1748271313.410008 sending message 102 to peer 0x64e38e3c1740 (11 bytes)
1748271313.410014 sending message 108 to peer 0x64e38e3c1740 (28 bytes)
1748271313.410020 sending message 112 to peer 0x64e38e3c1740 (70 bytes)
1748271313.410026 sending message 112 to peer 0x64e38e3c1740 (5 bytes)
1748271313.410032 sending message 112 to peer 0x64e38e3c1740 (5 bytes)
1748271313.410038 sending message 112 to peer 0x64e38e3c1740 (6 bytes)
1748271313.410044 sending message 112 to peer 0x64e38e3c1740 (6 bytes)
1748271313.410050 sending message 112 to peer 0x64e38e3c1740 (11 bytes)
1748271313.410055 sending message 112 to peer 0x64e38e3c1740 (10 bytes)
1748271313.410061 sending message 112 to peer 0x64e38e3c1740 (13 bytes)
1748271313.410067 sending message 112 to peer 0x64e38e3c1740 (14 bytes)
1748271313.410073 sending message 112 to peer 0x64e38e3c1740 (9 bytes)
1748271313.410078 sending message 112 to peer 0x64e38e3c1740 (21 bytes)
1748271313.410084 sending message 112 to peer 0x64e38e3c1740 (19 bytes)
1748271313.410090 sending message 112 to peer 0x64e38e3c1740 (11 bytes)
1748271313.410095 sending message 112 to peer 0x64e38e3c1740 (21 bytes)
1748271313.410100 sending message 112 to peer 0x64e38e3c1740 (13 bytes)
1748271313.410106 sending message 112 to peer 0x64e38e3c1740 (7 bytes)
1748271313.410112 sending message 112 to peer 0x64e38e3c1740 (13 bytes)
1748271313.410117 sending message 112 to peer 0x64e38e3c1740 (7 bytes)
1748271313.410123 sending message 112 to peer 0x64e38e3c1740 (13 bytes)
1748271313.410128 sending message 112 to peer 0x64e38e3c1740 (9 bytes)
1748271313.410134 sending message 112 to peer 0x64e38e3c1740 (21 bytes)
1748271313.410140 sending message 112 to peer 0x64e38e3c1740 (13 bytes)
1748271313.410146 sending message 112 to peer 0x64e38e3c1740 (9 bytes)
1748271313.410182 sending message 112 to peer 0x64e38e3c1740 (16 bytes)
1748271313.410199 sending message 112 to peer 0x64e38e3c1740 (13 bytes)
1748271313.410206 sending message 112 to peer 0x64e38e3c1740 (9 bytes)
1748271313.410212 sending message 112 to peer 0x64e38e3c1740 (9 bytes)
1748271313.410218 sending message 112 to peer 0x64e38e3c1740 (12 bytes)
1748271313.410224 sending message 112 to peer 0x64e38e3c1740 (8 bytes)
1748271313.410230 sending message 112 to peer 0x64e38e3c1740 (12 bytes)
1748271313.410235 sending message 112 to peer 0x64e38e3c1740 (8 bytes)
1748271313.410241 sending message 112 to peer 0x64e38e3c1740 (13 bytes)
1748271313.410247 sending message 112 to peer 0x64e38e3c1740 (7 bytes)
1748271313.410253 sending message 112 to peer 0x64e38e3c1740 (7 bytes)
1748271313.410258 sending message 112 to peer 0x64e38e3c1740 (9 bytes)
1748271313.410264 sending message 112 to peer 0x64e38e3c1740 (12 bytes)
1748271313.410269 sending message 112 to peer 0x64e38e3c1740 (6 bytes)
1748271313.410275 sending message 112 to peer 0x64e38e3c1740 (9 bytes)
1748271313.410281 sending message 112 to peer 0x64e38e3c1740 (15 bytes)
1748271313.410286 sending message 112 to peer 0x64e38e3c1740 (13 bytes)
1748271313.410292 sending message 112 to peer 0x64e38e3c1740 (9 bytes)
1748271313.410297 sending message 112 to peer 0x64e38e3c1740 (12 bytes)
1748271313.410303 sending message 112 to peer 0x64e38e3c1740 (8 bytes)
1748271313.410309 sending message 112 to peer 0x64e38e3c1740 (14 bytes)
1748271313.410314 sending message 112 to peer 0x64e38e3c1740 (11 bytes)
1748271313.410340 sending message 112 to peer 0x64e38e3c1740 (9 bytes)
1748271313.410347 sending message 112 to peer 0x64e38e3c1740 (10 bytes)
1748271313.410353 sending message 112 to peer 0x64e38e3c1740 (10 bytes)
1748271313.410358 sending message 112 to peer 0x64e38e3c1740 (10 bytes)
1748271313.410364 sending message 112 to peer 0x64e38e3c1740 (10 bytes)
1748271313.410370 sending message 112 to peer 0x64e38e3c1740 (11 bytes)
1748271313.410376 sending message 112 to peer 0x64e38e3c1740 (12 bytes)
1748271313.410382 sending message 112 to peer 0x64e38e3c1740 (12 bytes)
1748271313.410387 sending message 112 to peer 0x64e38e3c1740 (12 bytes)
1748271313.410393 sending message 112 to peer 0x64e38e3c1740 (12 bytes)
1748271313.410398 sending message 112 to peer 0x64e38e3c1740 (12 bytes)
1748271313.410404 sending message 112 to peer 0x64e38e3c1740 (11 bytes)
1748271313.410409 sending message 112 to peer 0x64e38e3c1740 (11 bytes)
1748271313.410415 sending message 112 to peer 0x64e38e3c1740 (12 bytes)
1748271313.410422 sending message 112 to peer 0x64e38e3c1740 (12 bytes)
1748271313.410428 sending message 112 to peer 0x64e38e3c1740 (12 bytes)
1748271313.410434 sending message 112 to peer 0x64e38e3c1740 (12 bytes)
1748271313.410441 sending message 112 to peer 0x64e38e3c1740 (12 bytes)
1748271313.410447 sending message 112 to peer 0x64e38e3c1740 (9 bytes)
1748271313.410454 sending message 112 to peer 0x64e38e3c1740 (12 bytes)
1748271313.410461 sending message 112 to peer 0x64e38e3c1740 (13 bytes)
1748271313.410467 sending message 112 to peer 0x64e38e3c1740 (13 bytes)
1748271313.410474 sending message 112 to peer 0x64e38e3c1740 (13 bytes)
1748271313.410480 sending message 112 to peer 0x64e38e3c1740 (13 bytes)
1748271313.410486 sending message 112 to peer 0x64e38e3c1740 (13 bytes)
1748271313.410492 sending message 112 to peer 0x64e38e3c1740 (8 bytes)
1748271313.410499 sending message 112 to peer 0x64e38e3c1740 (11 bytes)
1748271313.410506 sending message 112 to peer 0x64e38e3c1740 (11 bytes)
1748271313.410513 sending message 112 to peer 0x64e38e3c1740 (11 bytes)
1748271313.410519 sending message 112 to peer 0x64e38e3c1740 (12 bytes)
1748271313.410525 sending message 112 to peer 0x64e38e3c1740 (12 bytes)
1748271313.410532 sending message 112 to peer 0x64e38e3c1740 (12 bytes)
1748271313.410538 sending message 112 to peer 0x64e38e3c1740 (12 bytes)
1748271313.410545 sending message 112 to peer 0x64e38e3c1740 (13 bytes)
1748271313.410551 sending message 112 to peer 0x64e38e3c1740 (13 bytes)
1748271313.410557 sending message 112 to peer 0x64e38e3c1740 (13 bytes)
1748271313.410564 sending message 112 to peer 0x64e38e3c1740 (8 bytes)
1748271313.410570 sending message 112 to peer 0x64e38e3c1740 (13 bytes)
1748271313.410576 sending message 112 to peer 0x64e38e3c1740 (13 bytes)
1748271313.410582 sending message 112 to peer 0x64e38e3c1740 (13 bytes)
1748271313.410589 sending message 112 to peer 0x64e38e3c1740 (13 bytes)
1748271313.410595 sending message 112 to peer 0x64e38e3c1740 (13 bytes)
1748271313.410601 sending message 112 to peer 0x64e38e3c1740 (12 bytes)
1748271313.410608 sending message 112 to peer 0x64e38e3c1740 (12 bytes)
1748271313.410614 sending message 112 to peer 0x64e38e3c1740 (12 bytes)
1748271313.410620 sending message 112 to peer 0x64e38e3c1740 (12 bytes)
1748271313.410627 sending message 112 to peer 0x64e38e3c1740 (13 bytes)
1748271313.410634 sending message 112 to peer 0x64e38e3c1740 (8 bytes)
1748271313.410640 sending message 112 to peer 0x64e38e3c1740 (13 bytes)
1748271313.410646 sending message 112 to peer 0x64e38e3c1740 (13 bytes)
1748271313.410653 sending message 112 to peer 0x64e38e3c1740 (13 bytes)
1748271313.410659 sending message 112 to peer 0x64e38e3c1740 (13 bytes)
1748271313.410666 sending message 112 to peer 0x64e38e3c1740 (13 bytes)
1748271313.410672 sending message 112 to peer 0x64e38e3c1740 (13 bytes)
1748271313.410678 sending message 112 to peer 0x64e38e3c1740 (13 bytes)
1748271313.410685 sending message 112 to peer 0x64e38e3c1740 (12 bytes)
1748271313.410691 sending message 112 to peer 0x64e38e3c1740 (12 bytes)
1748271313.410705 sending message 112 to peer 0x64e38e3c1740 (12 bytes)
1748271313.410713 sending message 112 to peer 0x64e38e3c1740 (8 bytes)
1748271313.410719 sending message 112 to peer 0x64e38e3c1740 (12 bytes)
1748271313.410725 sending message 112 to peer 0x64e38e3c1740 (13 bytes)
1748271313.410731 sending message 112 to peer 0x64e38e3c1740 (13 bytes)
1748271313.410738 sending message 112 to peer 0x64e38e3c1740 (13 bytes)
1748271313.410744 sending message 112 to peer 0x64e38e3c1740 (13 bytes)
1748271313.410750 sending message 112 to peer 0x64e38e3c1740 (13 bytes)
1748271313.410756 sending message 112 to peer 0x64e38e3c1740 (13 bytes)
1748271313.410762 sending message 112 to peer 0x64e38e3c1740 (13 bytes)
1748271313.410768 sending message 112 to peer 0x64e38e3c1740 (13 bytes)
1748271313.410774 sending message 112 to peer 0x64e38e3c1740 (12 bytes)
1748271313.410781 sending message 112 to peer 0x64e38e3c1740 (10 bytes)
1748271313.410787 sending message 112 to peer 0x64e38e3c1740 (12 bytes)
1748271313.410793 sending message 112 to peer 0x64e38e3c1740 (12 bytes)
1748271313.410800 sending message 112 to peer 0x64e38e3c1740 (12 bytes)
1748271313.410806 sending message 112 to peer 0x64e38e3c1740 (13 bytes)
1748271313.410812 sending message 112 to peer 0x64e38e3c1740 (13 bytes)
1748271313.410819 sending message 112 to peer 0x64e38e3c1740 (13 bytes)
1748271313.410825 sending message 112 to peer 0x64e38e3c1740 (13 bytes)
1748271313.410831 sending message 112 to peer 0x64e38e3c1740 (13 bytes)
1748271313.410838 sending message 112 to peer 0x64e38e3c1740 (13 bytes)
1748271313.410844 sending message 112 to peer 0x64e38e3c1740 (13 bytes)
1748271313.410850 sending message 112 to peer 0x64e38e3c1740 (10 bytes)
1748271313.410856 sending message 112 to peer 0x64e38e3c1740 (13 bytes)
1748271313.410863 sending message 112 to peer 0x64e38e3c1740 (12 bytes)
1748271313.410869 sending message 112 to peer 0x64e38e3c1740 (12 bytes)
1748271313.410875 sending message 112 to peer 0x64e38e3c1740 (12 bytes)
1748271313.410882 sending message 112 to peer 0x64e38e3c1740 (10 bytes)
1748271313.410888 sending message 112 to peer 0x64e38e3c1740 (10 bytes)
1748271313.410894 sending message 112 to peer 0x64e38e3c1740 (10 bytes)
1748271313.410900 sending message 112 to peer 0x64e38e3c1740 (12 bytes)
1748271313.410907 sending message 112 to peer 0x64e38e3c1740 (13 bytes)
1748271313.410913 sending message 112 to peer 0x64e38e3c1740 (13 bytes)
1748271313.410919 sending message 112 to peer 0x64e38e3c1740 (13 bytes)
1748271313.410925 sending message 112 to peer 0x64e38e3c1740 (13 bytes)
1748271313.410931 sending message 112 to peer 0x64e38e3c1740 (13 bytes)
1748271313.410937 sending message 112 to peer 0x64e38e3c1740 (10 bytes)
1748271313.410943 sending message 112 to peer 0x64e38e3c1740 (11 bytes)
1748271313.410950 sending message 112 to peer 0x64e38e3c1740 (12 bytes)
1748271313.410956 sending message 112 to peer 0x64e38e3c1740 (12 bytes)
1748271313.410962 sending message 112 to peer 0x64e38e3c1740 (12 bytes)
1748271313.410969 sending message 112 to peer 0x64e38e3c1740 (12 bytes)
1748271313.410975 sending message 112 to peer 0x64e38e3c1740 (12 bytes)
1748271313.410982 sending message 112 to peer 0x64e38e3c1740 (11 bytes)
1748271313.410988 sending message 112 to peer 0x64e38e3c1740 (12 bytes)
1748271313.410994 sending message 112 to peer 0x64e38e3c1740 (12 bytes)
1748271313.411001 sending message 112 to peer 0x64e38e3c1740 (13 bytes)
1748271313.411007 sending message 112 to peer 0x64e38e3c1740 (13 bytes)
1748271313.411013 sending message 112 to peer 0x64e38e3c1740 (13 bytes)
1748271313.411019 sending message 112 to peer 0x64e38e3c1740 (13 bytes)
1748271313.411026 sending message 112 to peer 0x64e38e3c1740 (13 bytes)
1748271313.411032 sending message 112 to peer 0x64e38e3c1740 (10 bytes)
1748271313.411038 sending message 112 to peer 0x64e38e3c1740 (9 bytes)
1748271313.411044 sending message 112 to peer 0x64e38e3c1740 (12 bytes)
1748271313.411050 sending message 112 to peer 0x64e38e3c1740 (13 bytes)
1748271313.411056 sending message 112 to peer 0x64e38e3c1740 (13 bytes)
1748271313.411070 sending message 112 to peer 0x64e38e3c1740 (13 bytes)
1748271313.411077 sending message 112 to peer 0x64e38e3c1740 (13 bytes)
1748271313.411083 sending message 112 to peer 0x64e38e3c1740 (13 bytes)
1748271313.411090 sending message 112 to peer 0x64e38e3c1740 (9 bytes)
1748271313.411096 sending message 112 to peer 0x64e38e3c1740 (12 bytes)
1748271313.411102 sending message 112 to peer 0x64e38e3c1740 (13 bytes)
1748271313.411108 sending message 112 to peer 0x64e38e3c1740 (13 bytes)
1748271313.411114 sending message 112 to peer 0x64e38e3c1740 (13 bytes)
1748271313.411120 sending message 112 to peer 0x64e38e3c1740 (13 bytes)
1748271313.411126 sending message 112 to peer 0x64e38e3c1740 (13 bytes)
1748271313.411133 sending message 112 to peer 0x64e38e3c1740 (11 bytes)
1748271313.411139 sending message 112 to peer 0x64e38e3c1740 (12 bytes)
1748271313.411145 sending message 112 to peer 0x64e38e3c1740 (13 bytes)
1748271313.411164 sending message 112 to peer 0x64e38e3c1740 (13 bytes)
1748271313.411177 sending message 112 to peer 0x64e38e3c1740 (13 bytes)
1748271313.411183 sending message 112 to peer 0x64e38e3c1740 (13 bytes)
1748271313.411190 sending message 112 to peer 0x64e38e3c1740 (13 bytes)
1748271313.411196 sending message 112 to peer 0x64e38e3c1740 (11 bytes)
1748271313.411202 sending message 112 to peer 0x64e38e3c1740 (12 bytes)
1748271313.411209 sending message 112 to peer 0x64e38e3c1740 (12 bytes)
1748271313.411215 sending message 112 to peer 0x64e38e3c1740 (12 bytes)
1748271313.411222 sending message 112 to peer 0x64e38e3c1740 (12 bytes)
1748271313.411228 sending message 112 to peer 0x64e38e3c1740 (12 bytes)
1748271313.411234 sending message 112 to peer 0x64e38e3c1740 (21 bytes)
1748271313.411241 sending message 112 to peer 0x64e38e3c1740 (12 bytes)
1748271313.411247 sending message 112 to peer 0x64e38e3c1740 (9 bytes)
1748271313.411253 sending message 112 to peer 0x64e38e3c1740 (6 bytes)
1748271313.411260 sending message 112 to peer 0x64e38e3c1740 (13 bytes)
1748271313.411266 sending message 112 to peer 0x64e38e3c1740 (10 bytes)
1748271313.411272 sending message 112 to peer 0x64e38e3c1740 (15 bytes)
1748271313.411278 sending message 112 to peer 0x64e38e3c1740 (13 bytes)
1748271313.411285 sending message 112 to peer 0x64e38e3c1740 (9 bytes)
1748271313.411291 sending message 112 to peer 0x64e38e3c1740 (70 bytes)
1748271313.411298 sending message 112 to peer 0x64e38e3c1740 (69 bytes)
1748271313.411304 sending message 112 to peer 0x64e38e3c1740 (34 bytes)
1748271313.411311 sending message 112 to peer 0x64e38e3c1740 (34 bytes)
1748271313.411318 sending message 112 to peer 0x64e38e3c1740 (70 bytes)
1748271313.411325 sending message 112 to peer 0x64e38e3c1740 (12 bytes)
1748271313.411332 sending message 112 to peer 0x64e38e3c1740 (10 bytes)
1748271313.411338 sending message 112 to peer 0x64e38e3c1740 (10 bytes)
1748271313.411344 sending message 112 to peer 0x64e38e3c1740 (15 bytes)
1748271313.411351 sending message 112 to peer 0x64e38e3c1740 (13 bytes)
1748271313.411357 sending message 112 to peer 0x64e38e3c1740 (10 bytes)
1748271313.411363 sending message 112 to peer 0x64e38e3c1740 (10 bytes)
1748271313.411370 sending message 112 to peer 0x64e38e3c1740 (17 bytes)
1748271313.411376 sending message 112 to peer 0x64e38e3c1740 (10 bytes)
1748271313.411383 sending message 112 to peer 0x64e38e3c1740 (13 bytes)
1748271313.411389 sending message 112 to peer 0x64e38e3c1740 (32 bytes)
1748271313.411396 sending message 112 to peer 0x64e38e3c1740 (5 bytes)
1748271313.411403 sending message 112 to peer 0x64e38e3c1740 (9 bytes)
1748271313.411409 sending message 112 to peer 0x64e38e3c1740 (15 bytes)
1748271313.411416 sending message 112 to peer 0x64e38e3c1740 (5 bytes)
1748271313.411424 sending message 104 to peer 0x64e38e3c1740 (0 bytes)
1748271313.411432 sending message 110 to peer 0x64e38e3c1740 (0 bytes)
1748271313.411442 sending message 107 to peer 0x64e38e3c1740 (4 bytes)
1748271313.411449 sending message 105 to peer 0x64e38e3c1740 (33 bytes)
1748271313.411455 sending message 105 to peer 0x64e38e3c1740 (69 bytes)
1748271313.411470 sending message 105 to peer 0x64e38e3c1740 (14 bytes)
1748271313.411477 sending message 105 to peer 0x64e38e3c1740 (58 bytes)
1748271313.411484 sending message 105 to peer 0x64e38e3c1740 (21 bytes)
1748271313.411490 sending message 105 to peer 0x64e38e3c1740 (8 bytes)
1748271313.411497 sending message 105 to peer 0x64e38e3c1740 (33 bytes)
1748271313.411503 sending message 105 to peer 0x64e38e3c1740 (20 bytes)
1748271313.411510 sending message 105 to peer 0x64e38e3c1740 (46 bytes)
1748271313.411517 sending message 105 to peer 0x64e38e3c1740 (27 bytes)
1748271313.411523 sending message 105 to peer 0x64e38e3c1740 (62 bytes)
1748271313.411530 sending message 105 to peer 0x64e38e3c1740 (23 bytes)
1748271313.411536 sending message 105 to peer 0x64e38e3c1740 (97 bytes)
1748271313.411543 sending message 105 to peer 0x64e38e3c1740 (71 bytes)
1748271313.411549 sending message 105 to peer 0x64e38e3c1740 (28 bytes)
1748271313.411555 sending message 105 to peer 0x64e38e3c1740 (32 bytes)
1748271313.411562 sending message 105 to peer 0x64e38e3c1740 (16 bytes)
1748271313.411569 sending message 105 to peer 0x64e38e3c1740 (35 bytes)
1748271313.411575 sending message 105 to peer 0x64e38e3c1740 (22 bytes)
1748271313.411582 sending message 105 to peer 0x64e38e3c1740 (54 bytes)
1748271313.411589 sending message 105 to peer 0x64e38e3c1740 (35 bytes)
1748271313.411595 sending message 105 to peer 0x64e38e3c1740 (20 bytes)
1748271313.411602 sending message 105 to peer 0x64e38e3c1740 (35 bytes)
1748271313.411608 sending message 105 to peer 0x64e38e3c1740 (47 bytes)
1748271313.411614 sending message 105 to peer 0x64e38e3c1740 (17 bytes)
1748271313.411620 sending message 105 to peer 0x64e38e3c1740 (23 bytes)
1748271313.411627 sending message 105 to peer 0x64e38e3c1740 (18 bytes)
1748271313.411633 sending message 105 to peer 0x64e38e3c1740 (23 bytes)
1748271313.411640 sending message 105 to peer 0x64e38e3c1740 (140 bytes)
1748271313.411647 sending message 105 to peer 0x64e38e3c1740 (36 bytes)
1748271313.411654 sending message 105 to peer 0x64e38e3c1740 (19 bytes)
1748271313.411661 sending message 105 to peer 0x64e38e3c1740 (18 bytes)
1748271313.411667 sending message 105 to peer 0x64e38e3c1740 (44 bytes)
1748271313.411673 sending message 105 to peer 0x64e38e3c1740 (13 bytes)
1748271313.411680 sending message 105 to peer 0x64e38e3c1740 (246 bytes)
1748271313.411686 sending message 105 to peer 0x64e38e3c1740 (88 bytes)
1748271313.411693 sending message 105 to peer 0x64e38e3c1740 (47 bytes)
1748271313.411699 sending message 105 to peer 0x64e38e3c1740 (23 bytes)
1748271313.411705 sending message 105 to peer 0x64e38e3c1740 (31 bytes)
1748271313.411711 sending message 105 to peer 0x64e38e3c1740 (11 bytes)
1748271313.411718 sending message 105 to peer 0x64e38e3c1740 (17 bytes)
1748271313.411724 sending message 105 to peer 0x64e38e3c1740 (33 bytes)
1748271313.411730 sending message 105 to peer 0x64e38e3c1740 (41 bytes)
1748271313.411737 sending message 105 to peer 0x64e38e3c1740 (20 bytes)
1748271313.411743 sending message 105 to peer 0x64e38e3c1740 (21 bytes)
1748271313.411750 sending message 105 to peer 0x64e38e3c1740 (38 bytes)
1748271313.411756 sending message 105 to peer 0x64e38e3c1740 (27 bytes)
1748271313.411762 sending message 105 to peer 0x64e38e3c1740 (41 bytes)
1748271313.411769 sending message 105 to peer 0x64e38e3c1740 (19 bytes)
1748271313.411776 sending message 105 to peer 0x64e38e3c1740 (42 bytes)
1748271313.411782 sending message 105 to peer 0x64e38e3c1740 (19 bytes)
1748271313.411788 sending message 105 to peer 0x64e38e3c1740 (18 bytes)
1748271313.411794 sending message 105 to peer 0x64e38e3c1740 (24 bytes)
1748271313.411800 sending message 105 to peer 0x64e38e3c1740 (52 bytes)
1748271313.411806 sending message 105 to peer 0x64e38e3c1740 (18 bytes)
1748271313.411813 sending message 105 to peer 0x64e38e3c1740 (32 bytes)
1748271313.411819 sending message 105 to peer 0x64e38e3c1740 (45 bytes)
1748271313.411825 sending message 105 to peer 0x64e38e3c1740 (102 bytes)
1748271313.411831 sending message 105 to peer 0x64e38e3c1740 (16 bytes)
1748271313.411844 sending message 105 to peer 0x64e38e3c1740 (51 bytes)
1748271313.411851 sending message 105 to peer 0x64e38e3c1740 (22 bytes)
1748271313.411858 sending message 105 to peer 0x64e38e3c1740 (39 bytes)
1748271313.411864 sending message 105 to peer 0x64e38e3c1740 (35 bytes)
1748271313.411871 sending message 105 to peer 0x64e38e3c1740 (40 bytes)
1748271313.411877 sending message 105 to peer 0x64e38e3c1740 (40 bytes)
1748271313.411883 sending message 105 to peer 0x64e38e3c1740 (55 bytes)
1748271313.411889 sending message 105 to peer 0x64e38e3c1740 (25 bytes)
1748271313.411895 sending message 105 to peer 0x64e38e3c1740 (72 bytes)
1748271313.411902 sending message 105 to peer 0x64e38e3c1740 (62 bytes)
1748271313.411908 sending message 105 to peer 0x64e38e3c1740 (104 bytes)
1748271313.411914 sending message 105 to peer 0x64e38e3c1740 (16 bytes)
1748271313.411921 sending message 106 to peer 0x64e38e3c1740 (0 bytes)
1748271313.412056 sending message 200 to peer 0x64e38e3c1740 (4 bytes)
1748271313.412065 client loop enter
1748271313.422427 peer 0x64e38e3c1740 message 207
1748271313.422467 sending message 208 to peer 0x64e38e3c1740 (0 bytes)
1748271315.362956 peer 0x64e38e3c1740 message 203
1748271315.362990 sending message 205 to peer 0x64e38e3c1740 (0 bytes)
1748271315.363508 peer 0x64e38e3c1740 message 204
1748271315.363536 client loop exit
